生成启动时间为 2016/4/7 13:11:09。
     1>项目“C:\Users\JZC\Desktop\机器学习基石\作业3\14\14\14.vcxproj”在节点 2 上(build 个目标)。
     1>InitializeBuildStatus:
         正在创建“Debug\14.unsuccessfulbuild”，因为已指定“AlwaysCreate”。
       ClCompile:
         F:\VS2010\VC\bin\CL.exe /c /IC:\eigen3 /ZI /nologo /W3 /WX- /Od /Oy- /D WIN32 /D _DEBUG /D _CONSOLE /D _UNICODE /D UNICODE /Gm /EHsc /RTC1 /MDd /GS /fp:precise /Zc:wchar_t /Zc:forScope /Yc"StdAfx.h" /Fp"Debug\14.pch" /Fo"Debug\\" /Fd"Debug\vc100.pdb" /Gd /TP /analyze- /errorReport:prompt stdafx.cpp
         stdafx.cpp
         F:\VS2010\VC\bin\CL.exe /c /IC:\eigen3 /ZI /nologo /W3 /WX- /Od /Oy- /D WIN32 /D _DEBUG /D _CONSOLE /D _UNICODE /D UNICODE /Gm /EHsc /RTC1 /MDd /GS /fp:precise /Zc:wchar_t /Zc:forScope /Yu"StdAfx.h" /Fp"Debug\14.pch" /Fo"Debug\\" /Fd"Debug\vc100.pdb" /Gd /TP /analyze- /errorReport:prompt 14.cpp
         14.cpp
       ManifestResourceCompile:
         C:\Program Files (x86)\Microsoft SDKs\Windows\v7.0A\bin\rc.exe /nologo /fo"Debug\14.exe.embed.manifest.res" Debug\14_manifest.rc 
       Link:
         F:\VS2010\VC\bin\link.exe /ERRORREPORT:PROMPT /OUT:"C:\Users\JZC\Desktop\机器学习基石\作业3\14\Debug\14.exe" /INCREMENTAL /NOLOGO kernel32.lib user32.lib gdi32.lib winspool.lib comdlg32.lib advapi32.lib shell32.lib ole32.lib oleaut32.lib uuid.lib odbc32.lib odbccp32.lib /MANIFEST /ManifestFile:"Debug\14.exe.intermediate.manifest" /MANIFESTUAC:"level='asInvoker' uiAccess='false'" /DEBUG /PDB:"C:\Users\JZC\Desktop\机器学习基石\作业3\14\Debug\14.pdb" /SUBSYSTEM:CONSOLE /TLBID:1 /DYNAMICBASE /NXCOMPAT /IMPLIB:"C:\Users\JZC\Desktop\机器学习基石\作业3\14\Debug\14.lib" /MACHINE:X86 Debug\14.exe.embed.manifest.res
         Debug\14.obj
         Debug\stdafx.obj
       Manifest:
         C:\Program Files (x86)\Microsoft SDKs\Windows\v7.0A\bin\mt.exe /nologo /verbose /out:"Debug\14.exe.embed.manifest" /manifest Debug\14.exe.intermediate.manifest
         所有输出均为最新。
       LinkEmbedManifest:
         所有输出均为最新。
         14.vcxproj -> C:\Users\JZC\Desktop\机器学习基石\作业3\14\Debug\14.exe
       FinalizeBuildStatus:
         正在删除文件“Debug\14.unsuccessfulbuild”。
         正在对“Debug\14.lastbuildstate”执行 Touch 任务。
     1>已完成生成项目“C:\Users\JZC\Desktop\机器学习基石\作业3\14\14\14.vcxproj”(build 个目标)的操作。

生成成功。

已用时间 00:00:16.40
